生成启动时间为 2015/5/19 9:27:55。
     1>项目“E:\音频检索\GitHub下载代码\9SD\src\QBSH_win32_vc2010\SDHumming\SDHumming.vcxproj”在节点 2 上(build 个目标)。
     1>InitializeBuildStatus:
         正在创建“Debug\SDHumming.unsuccessfulbuild”，因为已指定“AlwaysCreate”。
       ClCompile:
         d:\Program Files (x86)\Microsoft Visual Studio 10.0\VC\bin\CL.exe /c /I..\SDFuzzySearch /ZI /nologo /W3 /WX- /Od /Oy- /D WIN32 /D _DEBUG /D _CONSOLE /D _UNICODE /D UNICODE /Gm /EHsc /RTC1 /MDd /GS /fp:precise /Zc:wchar_t /Zc:forScope /Fo"Debug\\" /Fd"Debug\vc100.pdb" /Gd /TP /analyze- /errorReport:prompt STester_bak.cpp
         STester_bak.cpp
     1>e:\音频检索\github下载代码\9sd\src\qbsh_win32_vc2010\sdhumming\stester_bak.cpp(106): warning C4996: 'fopen': This function or variable may be unsafe. Consider using fopen_s instead. To disable deprecation, use _CRT_SECURE_NO_WARNINGS. See online help for details.
                 d:\program files (x86)\microsoft visual studio 10.0\vc\include\stdio.h(234) : 参见“fopen”的声明
     1>e:\音频检索\github下载代码\9sd\src\qbsh_win32_vc2010\sdhumming\stester_bak.cpp(254): warning C4996: 'strcpy': This function or variable may be unsafe. Consider using strcpy_s instead. To disable deprecation, use _CRT_SECURE_NO_WARNINGS. See online help for details.
                 d:\program files (x86)\microsoft visual studio 10.0\vc\include\string.h(105) : 参见“strcpy”的声明
     1>e:\音频检索\github下载代码\9sd\src\qbsh_win32_vc2010\sdhumming\stester_bak.cpp(257): warning C4996: 'strcpy': This function or variable may be unsafe. Consider using strcpy_s instead. To disable deprecation, use _CRT_SECURE_NO_WARNINGS. See online help for details.
                 d:\program files (x86)\microsoft visual studio 10.0\vc\include\string.h(105) : 参见“strcpy”的声明
     1>e:\音频检索\github下载代码\9sd\src\qbsh_win32_vc2010\sdhumming\stester_bak.cpp(261): warning C4996: 'strcpy': This function or variable may be unsafe. Consider using strcpy_s instead. To disable deprecation, use _CRT_SECURE_NO_WARNINGS. See online help for details.
                 d:\program files (x86)\microsoft visual studio 10.0\vc\include\string.h(105) : 参见“strcpy”的声明
     1>e:\音频检索\github下载代码\9sd\src\qbsh_win32_vc2010\sdhumming\stester_bak.cpp(262): warning C4996: 'strcat': This function or variable may be unsafe. Consider using strcat_s instead. To disable deprecation, use _CRT_SECURE_NO_WARNINGS. See online help for details.
                 d:\program files (x86)\microsoft visual studio 10.0\vc\include\string.h(110) : 参见“strcat”的声明
     1>e:\音频检索\github下载代码\9sd\src\qbsh_win32_vc2010\sdhumming\stester_bak.cpp(265): warning C4996: 'strcat': This function or variable may be unsafe. Consider using strcat_s instead. To disable deprecation, use _CRT_SECURE_NO_WARNINGS. See online help for details.
                 d:\program files (x86)\microsoft visual studio 10.0\vc\include\string.h(110) : 参见“strcat”的声明
       Link:
         d:\Program Files (x86)\Microsoft Visual Studio 10.0\VC\bin\link.exe /ERRORREPORT:PROMPT /OUT:"E:\音频检索\GitHub下载代码\9SD\src\QBSH_win32_vc2010\Debug\SDHumming.exe" /INCREMENTAL /NOLOGO /LIBPATH:..\Debug sdfuzzysearch.lib kernel32.lib user32.lib gdi32.lib winspool.lib comdlg32.lib advapi32.lib shell32.lib ole32.lib oleaut32.lib uuid.lib odbc32.lib odbccp32.lib /MANIFEST /ManifestFile:"Debug\SDHumming.exe.intermediate.manifest" /MANIFESTUAC:"level='asInvoker' uiAccess='false'" /DEBUG /PDB:"E:\音频检索\GitHub下载代码\9SD\src\QBSH_win32_vc2010\Debug\SDHumming.pdb" /SUBSYSTEM:CONSOLE /TLBID:1 /DYNAMICBASE /NXCOMPAT /IMPLIB:"E:\音频检索\GitHub下载代码\9SD\src\QBSH_win32_vc2010\Debug\SDHumming.lib" /MACHINE:X86 Debug\SDSP.obj
         Debug\SMelody.obj
         Debug\SModel.obj
         Debug\STester_bak.obj
         Debug\SUtil.obj
         SDHumming.vcxproj -> E:\音频检索\GitHub下载代码\9SD\src\QBSH_win32_vc2010\Debug\SDHumming.exe
       Manifest:
         C:\Program Files (x86)\Microsoft SDKs\Windows\v7.0A\bin\mt.exe /nologo /verbose /out:"E:\音频检索\GitHub下载代码\9SD\src\QBSH_win32_vc2010\Debug\SDHumming.exe.manifest" /manifest Debug\SDHumming.exe.intermediate.manifest
       FinalizeBuildStatus:
         正在删除文件“Debug\SDHumming.unsuccessfulbuild”。
         正在对“Debug\SDHumming.lastbuildstate”执行 Touch 任务。
     1>已完成生成项目“E:\音频检索\GitHub下载代码\9SD\src\QBSH_win32_vc2010\SDHumming\SDHumming.vcxproj”(build 个目标)的操作。

生成成功。

已用时间 00:00:00.63
